assimilate_pdaf.F => pdaf_interfaces_module
mod_parallel_model
mod_assimilation
callback_obs_pdafomi.F => obs_etan_pdafomi
obs_etan_pdafomi
obs_etan_pdafomi
obs_etan_pdafomi
collect_state_pdaf.F => mod_assimilation
distribute_state_pdaf.F => mod_assimilation
finalize_pdaf.F => mod_parallel_model
g2l_state_pdaf.F => mod_assimilation
get_taskid_pdaf.F => mod_parallel_pdaf
init_dim_l_pdaf.F => mod_assimilation
init_ens_pdaf.F => mod_parallel_pdaf
init_parallel_pdaf.F => mod_parallel_model
mod_parallel_pdaf
parser
init_pdaf.F => pdaf_interfaces_module
mod_parallel_model
mod_parallel_pdaf
mod_assimilation
obs_etan_pdafomi
init_pdaf_info.F => mod_assimilation
init_pdaf_parse.F => parser
mod_assimilation
obs_etan_pdafomi
l2g_state_pdaf.F => mod_assimilation
mod_parallel_model.F => mpi
mod_parallel_pdaf.F => mpi
next_observation_pdaf.F => mod_assimilation
obs_etan_pdafomi.F => mod_parallel_pdaf
pdafomi
pdafomi
mod_assimilation
pdafomi
pdafomi
mod_assimilation
pdafomi
mod_assimilation
parser.F => mpi
prepoststep_ens_pdaf.F => mod_assimilation
mod_parallel_pdaf
netcdf.h => this
this
this
