Get compiler version using: mpif90 --version
/usr/local/mpi/intel19/openmpi-3.1.6/bin/mpif90
ifort (IFORT) 19.1.3.304 20200925
Copyright (C) 1985-2020 Intel Corporation.  All rights reserved.

<-- compiler version ----

running: check_fortran_compiler
 mpif90 -convert big_endian -assume byterecl -O3 -ip -align -mtune=skylake -xCORE-AVX512 -mcmodel=medium -fp-model source -I/home/hajsong/PDAF/include -c genmake_tcomp.f
 mpif90 -no-ipo -convert big_endian -assume byterecl -O3 -ip -align -mtune=skylake -xCORE-AVX512 -mcmodel=medium -fp-model source -I/home/hajsong/PDAF/include -o genmake_tcomp genmake_tcomp.o -L/usr/local/netcdf/461_intel19//lib64 -L/usr/local/netcdf/461_intel19//lib -L/home/hajsong/PDAF/lib -lpdaf-d -mkl
 mpirun -np 1 ./genmake_tcomp
 hello world :            1
 hello world :            2
 hello world :            3
 --> set FC_CHECK= 5 /5

running: look_for_makedepend()
 --> set MAKEDEPEND=$(TOOLSDIR)/xmakedepend

running: check_HAVE_CLOC()
 running: get_fortran_c_namemangling()
 mpicc -O0 -c genmake_test.c
 mpif90 -convert big_endian -assume byterecl -c genmake_tcomp.f
 --> set FC_NAMEMANGLE='#define FC_NAMEMANGLE(X)  X ## _'
mpicc -O0 -c genmake_tc_1.c
mpif90 -convert big_endian -assume byterecl -o genmake_tc genmake_tc_2.f genmake_tc_1.o
  HELLO WORLD   1712808499.00655     
 --> set HAVE_CLOC='t'

running: check_HAVE_SETRLSTK()
mpicc -O0 -c genmake_tc_1.c
      program hello
      external setrlstk
      call setrlstk()
      end
mpif90 -convert big_endian -assume byterecl -o genmake_tc genmake_tc_2.f genmake_tc_1.o
 --> set HAVE_SETRLSTK='t'

running: check_HAVE_SIGREG()
mpicc -O0 -c genmake_tc_1.c
      program hello
      integer anint
      common /iv/ anint
      external sigreg
      call sigreg(anint)
      end
mpif90 -convert big_endian -assume byterecl -o genmake_tc genmake_tc_2.f genmake_tc_1.o
 --> set HAVE_SIGREG='t'

running: check_HAVE_STAT()
mpicc -O0 -c genmake_tc_1.c
      program hello
      integer nbyte
      call tfsize(nbyte)
      print *," HELLO WORLD", nbyte
      end
mpif90 -convert big_endian -assume byterecl -o genmake_tc genmake_tc_2.f genmake_tc_1.o
 --> set HAVE_STAT='t'

running: check_netcdf_libs()
===  genmake_tnc.F  >>>
      program fgennc
#include "netcdf.inc"
      integer iret, ncid, xid
      iret = nf_create('genmake_tnc.nc', NF_CLOBBER, ncid)
      IF (iret .NE. NF_NOERR) write(*,*) NF_STRERROR(iret)
      iret = nf_def_dim(ncid, 'X', 11, xid)
      IF (iret .NE. NF_NOERR) write(*,*) NF_STRERROR(iret)
      iret = nf_close(ncid)
      IF (iret .NE. NF_NOERR) write(*,*) NF_STRERROR(iret)
      end
<<<  genmake_tnc.F  ===
cat genmake_tnc.F |  cpp -traditional -P -DWORDLENGTH=4 -DUSE_PDAF -DALLOW_USE_MPI -DHAVE_SYSTEM -DHAVE_FDATE -DHAVE_ETIME_FCT -DHAVE_CLOC -DHAVE_SETRLSTK -DHAVE_SIGREG -DHAVE_STAT -I/usr/local/netcdf/461_intel19//include -I/usr/local/mpi/intel19/openmpi-3.1.6/include/
mpif90  -convert big_endian -assume byterecl -O3 -ip -align -mtune=skylake -xCORE-AVX512 -mcmodel=medium -fp-model source -I/home/hajsong/PDAF/include -c genmake_tnc.f  \ 
  &&  mpif90 -no-ipo  -convert big_endian -assume byterecl -O3 -ip -align -mtune=skylake -xCORE-AVX512 -mcmodel=medium -fp-model source -I/home/hajsong/PDAF/include -o genmake_tnc genmake_tnc.o -L/usr/local/netcdf/461_intel19//lib64 -L/usr/local/netcdf/461_intel19//lib -L/home/hajsong/PDAF/lib -lpdaf-d -mkl
genmake_tnc.o: In function `MAIN__':
genmake_tnc.f:(.text+0x53): undefined reference to `nf_create_'
genmake_tnc.f:(.text+0x93): undefined reference to `nf_def_dim_'
genmake_tnc.f:(.text+0xb1): undefined reference to `nf_close_'
genmake_tnc.f:(.text+0xdf): undefined reference to `nf_strerror_'
genmake_tnc.f:(.text+0x148): undefined reference to `nf_strerror_'
genmake_tnc.f:(.text+0x1b0): undefined reference to `nf_strerror_'

==> try again with added '-lnetcdf'
cat genmake_tnc.F |  cpp -traditional -P -DWORDLENGTH=4 -DUSE_PDAF -DALLOW_USE_MPI -DHAVE_SYSTEM -DHAVE_FDATE -DHAVE_ETIME_FCT -DHAVE_CLOC -DHAVE_SETRLSTK -DHAVE_SIGREG -DHAVE_STAT -I/usr/local/netcdf/461_intel19//include -I/usr/local/mpi/intel19/openmpi-3.1.6/include/ > genmake_tnc.f \ 
 &&  mpif90  -convert big_endian -assume byterecl -O3 -ip -align -mtune=skylake -xCORE-AVX512 -mcmodel=medium -fp-model source -I/home/hajsong/PDAF/include -c genmake_tnc.f \ 
 &&  mpif90 -no-ipo  -convert big_endian -assume byterecl -O3 -ip -align -mtune=skylake -xCORE-AVX512 -mcmodel=medium -fp-model source -I/home/hajsong/PDAF/include -o genmake_tnc genmake_tnc.o -L/usr/local/netcdf/461_intel19//lib64 -L/usr/local/netcdf/461_intel19//lib -L/home/hajsong/PDAF/lib -lpdaf-d -mkl -lnetcdf
genmake_tnc.o: In function `MAIN__':
genmake_tnc.f:(.text+0x53): undefined reference to `nf_create_'
genmake_tnc.f:(.text+0x93): undefined reference to `nf_def_dim_'
genmake_tnc.f:(.text+0xb1): undefined reference to `nf_close_'
genmake_tnc.f:(.text+0xdf): undefined reference to `nf_strerror_'
genmake_tnc.f:(.text+0x148): undefined reference to `nf_strerror_'
genmake_tnc.f:(.text+0x1b0): undefined reference to `nf_strerror_'

==> try again with added '-lnetcdff -lnetcdf'
cat genmake_tnc.F |  cpp -traditional -P -DWORDLENGTH=4 -DUSE_PDAF -DALLOW_USE_MPI -DHAVE_SYSTEM -DHAVE_FDATE -DHAVE_ETIME_FCT -DHAVE_CLOC -DHAVE_SETRLSTK -DHAVE_SIGREG -DHAVE_STAT -I/usr/local/netcdf/461_intel19//include -I/usr/local/mpi/intel19/openmpi-3.1.6/include/ > genmake_tnc.f \ 
 &&  mpif90  -convert big_endian -assume byterecl -O3 -ip -align -mtune=skylake -xCORE-AVX512 -mcmodel=medium -fp-model source -I/home/hajsong/PDAF/include -c genmake_tnc.f \ 
 &&  mpif90 -no-ipo  -convert big_endian -assume byterecl -O3 -ip -align -mtune=skylake -xCORE-AVX512 -mcmodel=medium -fp-model source -I/home/hajsong/PDAF/include -o genmake_tnc genmake_tnc.o -L/usr/local/netcdf/461_intel19//lib64 -L/usr/local/netcdf/461_intel19//lib -L/home/hajsong/PDAF/lib -lpdaf-d -mkl -lnetcdff -lnetcdf
check_netcdf: successful
 --> set HAVE_NETCDF='t'

running: check_HAVE_FLUSH()
  check_HAVE_FLUSH: successful
 --> set HAVE_FLUSH='t'
